<?xml version="1.0" encoding="UTF-8"?>
<!-- Generated by org.testng.reporters.JUnitReportReporter -->
<testsuite hostname="DESKTOP-FIF37EJ" failures="0" tests="2" name="Regesteration" time="8.917" errors="0" timestamp="2022-10-19T12:18:48 EET" skipped="0">
  <testcase classname="Regesteration" name="d" time="8.602"/>
  <system-out/>
  <testcase classname="Regesteration" name="e" time="0.315"/>
  <system-out/>
</testsuite> <!-- Regesteration -->
