<?xml version="1.0" encoding="UTF-8"?>
<!-- Generated by org.testng.reporters.JUnitReportReporter -->
<testsuite hostname="DESKTOP-FIF37EJ" failures="0" tests="1" name="NewTest" time="0.010" errors="0" timestamp="2022-10-20T15:21:21 EET" skipped="0">
  <testcase classname="NewTest" name="f" time="0.010"/>
  <system-out/>
</testsuite> <!-- NewTest -->
