<?xml version="1.0" encoding="UTF-8"?>
<!-- Generated by org.testng.reporters.JUnitReportReporter -->
<testsuite hostname="DESKTOP-FIF37EJ" failures="0" tests="1" name="Testcases" time="17.431" errors="0" timestamp="2022-10-19T14:10:07 EET" skipped="0">
  <testcase classname="Testcases" name="start" time="17.431"/>
  <system-out/>
</testsuite> <!-- Testcases -->
