<?xml version="1.0" encoding="UTF-8"?>
<!-- Generated by org.testng.reporters.JUnitReportReporter -->
<testsuite hostname="DESKTOP-FIF37EJ" failures="0" tests="1" name="introductions.Testcases" time="4.863" errors="0" timestamp="2022-10-19T14:12:55 EET" skipped="0">
  <testcase classname="introductions.Testcases" name="start" time="4.863"/>
  <system-out/>
</testsuite> <!-- introductions.Testcases -->
